npm error Missing script: "generate-product-feed"
npm error
npm error To see a list of scripts, run:
npm error   npm run
npm error A complete log of this run can be found in: /root/.npm/_logs/2025-04-25T02_00_01_469Z-debug-0.log
npm error Missing script: "generate-product-feed"
npm error
npm error To see a list of scripts, run:
npm error   npm run
npm error A complete log of this run can be found in: /root/.npm/_logs/2025-04-26T02_00_01_488Z-debug-0.log
npm error Missing script: "generate-product-feed"
npm error
npm error To see a list of scripts, run:
npm error   npm run
npm error A complete log of this run can be found in: /root/.npm/_logs/2025-04-27T02_00_01_729Z-debug-0.log
npm error Missing script: "generate-product-feed"
npm error
npm error To see a list of scripts, run:
npm error   npm run
npm error A complete log of this run can be found in: /root/.npm/_logs/2025-04-28T02_00_02_007Z-debug-0.log
npm error Missing script: "generate-product-feed"
npm error
npm error To see a list of scripts, run:
npm error   npm run
npm error A complete log of this run can be found in: /root/.npm/_logs/2025-04-29T02_00_01_991Z-debug-0.log
npm error Missing script: "generate-product-feed"
npm error
npm error To see a list of scripts, run:
npm error   npm run
npm error A complete log of this run can be found in: /root/.npm/_logs/2025-04-30T02_00_01_416Z-debug-0.log
npm error Missing script: "generate-product-feed"
npm error
npm error To see a list of scripts, run:
npm error   npm run
npm error A complete log of this run can be found in: /root/.npm/_logs/2025-05-01T02_00_01_785Z-debug-0.log
npm error Missing script: "generate-product-feed"
npm error
npm error To see a list of scripts, run:
npm error   npm run
npm error A complete log of this run can be found in: /root/.npm/_logs/2025-05-02T02_00_01_951Z-debug-0.log
npm error Missing script: "generate-product-feed"
npm error
npm error To see a list of scripts, run:
npm error   npm run
npm error A complete log of this run can be found in: /root/.npm/_logs/2025-05-03T02_00_01_229Z-debug-0.log
npm error Missing script: "generate-product-feed"
npm error
npm error To see a list of scripts, run:
npm error   npm run
npm error A complete log of this run can be found in: /root/.npm/_logs/2025-05-04T02_00_01_947Z-debug-0.log
